{"uid":"2d982b11a2b07695","name":"User should not be able to create buildType without name","fullName":"org.example.teamcity.ui.BuildTypeCreateTest.userCreatesBuildTypeWithoutNameTest","historyId":"a247cce3776ed09e4b2c0de179dc3dc2","time":{"start":1743497903743,"stop":1743497903749,"duration":6},"status":"skipped","statusMessage":"Unable to extract class value from org.example.teamcity.api.models.User","statusTrace":"java.lang.IllegalStateException: Unable to extract class value from org.example.teamcity.api.models.User\n\tat io.qameta.allure.util.NamingUtils.extractChild(NamingUtils.java:101)\n\tat io.qameta.allure.util.NamingUtils.extractProperties(NamingUtils.java:90)\n\tat io.qameta.allure.util.NamingUtils.processPattern(NamingUtils.java:70)\n\tat io.qameta.allure.util.NamingUtils.processNameTemplate(NamingUtils.java:51)\n\tat io.qameta.allure.util.AspectUtils.lambda$getName$1(AspectUtils.java:46)\n\tat java.base/java.util.Optional.map(Optional.java:260)\n\tat io.qameta.allure.util.AspectUtils.getName(AspectUtils.java:46)\n\tat io.qameta.allure.aspects.StepsAspects.stepStart(StepsAspects.java:72)\n\tat org.example.teamcity.api.requests.unchecked.UncheckedBase.create(UncheckedBase.java:25)\n\tat org.example.teamcity.api.requests.checked.CheckedBase.create(CheckedBase.java:25)\n\tat org.example.teamcity.ui.BaseUiTest.loginAs(BaseUiTest.java:45)\n\tat org.example.teamcity.ui.BuildTypeCreateTest.setup(BuildTypeCreateTest.java:21)\n\tat java.base/jdk.internal.reflect.NativeMethodAccessorImpl.invoke0(Native Method)\n\tat java.base/jdk.internal.reflect.NativeMethodAccessorImpl.invoke(NativeMethodAccessorImpl.java:77)\n\tat java.base/jdk.internal.reflect.DelegatingMethodAccessorImpl.invoke(DelegatingMethodAccessorImpl.java:43)\n\tat java.base/java.lang.reflect.Method.invoke(Method.java:569)\n\tat org.testng.internal.invokers.MethodInvocationHelper.invokeMethod(MethodInvocationHelper.java:141)\n\tat org.testng.internal.invokers.MethodInvocationHelper.invokeMethodConsideringTimeout(MethodInvocationHelper.java:71)\n\tat org.testng.internal.invokers.ConfigInvoker.invokeConfigurationMethod(ConfigInvoker.java:400)\n\tat org.testng.internal.invokers.ConfigInvoker.invokeConfigurations(ConfigInvoker.java:333)\n\tat org.testng.internal.invokers.TestInvoker.runConfigMethods(TestInvoker.java:833)\n\tat org.testng.internal.invokers.TestInvoker.invokeMethod(TestInvoker.java:600)\n\tat org.testng.internal.invokers.TestInvoker.invokeTestMethod(TestInvoker.java:230)\n\tat org.testng.internal.invokers.MethodRunner.runInSequence(MethodRunner.java:63)\n\tat org.testng.internal.invokers.TestInvoker$MethodInvocationAgent.invoke(TestInvoker.java:992)\n\tat org.testng.internal.invokers.TestInvoker.invokeTestMethods(TestInvoker.java:203)\n\tat org.testng.internal.invokers.TestMethodWorker.invokeTestMethods(TestMethodWorker.java:154)\n\tat org.testng.internal.invokers.TestMethodWorker.run(TestMethodWorker.java:134)\n\tat java.base/java.util.ArrayList.forEach(ArrayList.java:1511)\n\tat org.testng.TestRunner.privateRun(TestRunner.java:739)\n\tat org.testng.TestRunner.run(TestRunner.java:614)\n\tat org.testng.SuiteRunner.runTest(SuiteRunner.java:421)\n\tat org.testng.SuiteRunner.runSequentially(SuiteRunner.java:413)\n\tat org.testng.SuiteRunner.privateRun(SuiteRunner.java:373)\n\tat org.testng.SuiteRunner.run(SuiteRunner.java:312)\n\tat org.testng.SuiteRunnerWorker.runSuite(SuiteRunnerWorker.java:52)\n\tat org.testng.SuiteRunnerWorker.run(SuiteRunnerWorker.java:95)\n\tat org.testng.TestNG.runSuitesSequentially(TestNG.java:1274)\n\tat org.testng.TestNG.runSuitesLocally(TestNG.java:1208)\n\tat org.testng.TestNG.runSuites(TestNG.java:1112)\n\tat org.testng.TestNG.run(TestNG.java:1079)\n\tat org.apache.maven.surefire.testng.TestNGExecutor.run(TestNGExecutor.java:151)\n\tat org.apache.maven.surefire.testng.TestNGDirectoryTestSuite.executeMulti(TestNGDirectoryTestSuite.java:192)\n\tat org.apache.maven.surefire.testng.TestNGDirectoryTestSuite.execute(TestNGDirectoryTestSuite.java:93)\n\tat org.apache.maven.surefire.testng.TestNGProvider.invoke(TestNGProvider.java:155)\n\tat org.apache.maven.surefire.booter.ForkedBooter.runSuitesInProcess(ForkedBooter.java:456)\n\tat org.apache.maven.surefire.booter.ForkedBooter.execute(ForkedBooter.java:169)\n\tat org.apache.maven.surefire.booter.ForkedBooter.run(ForkedBooter.java:595)\n\tat org.apache.maven.surefire.booter.ForkedBooter.main(ForkedBooter.java:581)\nCaused by: java.lang.NoSuchFieldException: class\n\tat java.base/java.lang.Class.getField(Class.java:2117)\n\tat io.qameta.allure.util.NamingUtils.extractField(NamingUtils.java:109)\n\tat io.qameta.allure.util.NamingUtils.extractChild(NamingUtils.java:99)\n\t... 48 more\n","flaky":false,"newFailed":false,"newBroken":false,"newPassed":false,"retriesCount":0,"retriesStatusChange":false,"beforeStages":[{"name":"beforeTest","time":{"start":1743497903704,"stop":1743497903719,"duration":15},"description":"","status":"passed","steps":[],"attachments":[],"parameters":[],"shouldDisplayMessage":false,"stepsCount":0,"attachmentsCount":0,"hasContent":false},{"name":"setup","time":{"start":1743497903720,"stop":1743497903729,"duration":9},"description":"","status":"broken","statusMessage":"Unable to extract class value from org.example.teamcity.api.models.User","statusTrace":"java.lang.IllegalStateException: Unable to extract class value from org.example.teamcity.api.models.User\n\tat io.qameta.allure.util.NamingUtils.extractChild(NamingUtils.java:101)\n\tat io.qameta.allure.util.NamingUtils.extractProperties(NamingUtils.java:90)\n\tat io.qameta.allure.util.NamingUtils.processPattern(NamingUtils.java:70)\n\tat io.qameta.allure.util.NamingUtils.processNameTemplate(NamingUtils.java:51)\n\tat io.qameta.allure.util.AspectUtils.lambda$getName$1(AspectUtils.java:46)\n\tat java.base/java.util.Optional.map(Optional.java:260)\n\tat io.qameta.allure.util.AspectUtils.getName(AspectUtils.java:46)\n\tat io.qameta.allure.aspects.StepsAspects.stepStart(StepsAspects.java:72)\n\tat org.example.teamcity.api.requests.unchecked.UncheckedBase.create(UncheckedBase.java:25)\n\tat org.example.teamcity.api.requests.checked.CheckedBase.create(CheckedBase.java:25)\n\tat org.example.teamcity.ui.BaseUiTest.loginAs(BaseUiTest.java:45)\n\tat org.example.teamcity.ui.BuildTypeCreateTest.setup(BuildTypeCreateTest.java:21)\n\tat java.base/jdk.internal.reflect.NativeMethodAccessorImpl.invoke0(Native Method)\n\tat java.base/jdk.internal.reflect.NativeMethodAccessorImpl.invoke(NativeMethodAccessorImpl.java:77)\n\tat java.base/jdk.internal.reflect.DelegatingMethodAccessorImpl.invoke(DelegatingMethodAccessorImpl.java:43)\n\tat java.base/java.lang.reflect.Method.invoke(Method.java:569)\n\tat org.testng.internal.invokers.MethodInvocationHelper.invokeMethod(MethodInvocationHelper.java:141)\n\tat org.testng.internal.invokers.MethodInvocationHelper.invokeMethodConsideringTimeout(MethodInvocationHelper.java:71)\n\tat org.testng.internal.invokers.ConfigInvoker.invokeConfigurationMethod(ConfigInvoker.java:400)\n\tat org.testng.internal.invokers.ConfigInvoker.invokeConfigurations(ConfigInvoker.java:333)\n\tat org.testng.internal.invokers.TestInvoker.runConfigMethods(TestInvoker.java:833)\n\tat org.testng.internal.invokers.TestInvoker.invokeMethod(TestInvoker.java:600)\n\tat org.testng.internal.invokers.TestInvoker.invokeTestMethod(TestInvoker.java:230)\n\tat org.testng.internal.invokers.MethodRunner.runInSequence(MethodRunner.java:63)\n\tat org.testng.internal.invokers.TestInvoker$MethodInvocationAgent.invoke(TestInvoker.java:992)\n\tat org.testng.internal.invokers.TestInvoker.invokeTestMethods(TestInvoker.java:203)\n\tat org.testng.internal.invokers.TestMethodWorker.invokeTestMethods(TestMethodWorker.java:154)\n\tat org.testng.internal.invokers.TestMethodWorker.run(TestMethodWorker.java:134)\n\tat java.base/java.util.ArrayList.forEach(ArrayList.java:1511)\n\tat org.testng.TestRunner.privateRun(TestRunner.java:739)\n\tat org.testng.TestRunner.run(TestRunner.java:614)\n\tat org.testng.SuiteRunner.runTest(SuiteRunner.java:421)\n\tat org.testng.SuiteRunner.runSequentially(SuiteRunner.java:413)\n\tat org.testng.SuiteRunner.privateRun(SuiteRunner.java:373)\n\tat org.testng.SuiteRunner.run(SuiteRunner.java:312)\n\tat org.testng.SuiteRunnerWorker.runSuite(SuiteRunnerWorker.java:52)\n\tat org.testng.SuiteRunnerWorker.run(SuiteRunnerWorker.java:95)\n\tat org.testng.TestNG.runSuitesSequentially(TestNG.java:1274)\n\tat org.testng.TestNG.runSuitesLocally(TestNG.java:1208)\n\tat org.testng.TestNG.runSuites(TestNG.java:1112)\n\tat org.testng.TestNG.run(TestNG.java:1079)\n\tat org.apache.maven.surefire.testng.TestNGExecutor.run(TestNGExecutor.java:151)\n\tat org.apache.maven.surefire.testng.TestNGDirectoryTestSuite.executeMulti(TestNGDirectoryTestSuite.java:192)\n\tat org.apache.maven.surefire.testng.TestNGDirectoryTestSuite.execute(TestNGDirectoryTestSuite.java:93)\n\tat org.apache.maven.surefire.testng.TestNGProvider.invoke(TestNGProvider.java:155)\n\tat org.apache.maven.surefire.booter.ForkedBooter.runSuitesInProcess(ForkedBooter.java:456)\n\tat org.apache.maven.surefire.booter.ForkedBooter.execute(ForkedBooter.java:169)\n\tat org.apache.maven.surefire.booter.ForkedBooter.run(ForkedBooter.java:595)\n\tat org.apache.maven.surefire.booter.ForkedBooter.main(ForkedBooter.java:581)\nCaused by: java.lang.NoSuchFieldException: class\n\tat java.base/java.lang.Class.getField(Class.java:2117)\n\tat io.qameta.allure.util.NamingUtils.extractField(NamingUtils.java:109)\n\tat io.qameta.allure.util.NamingUtils.extractChild(NamingUtils.java:99)\n\t... 48 more\n","steps":[],"attachments":[],"parameters":[],"shouldDisplayMessage":true,"stepsCount":0,"attachmentsCount":0,"hasContent":true}],"afterStages":[{"name":"closeWebDriver","time":{"start":1743497903750,"stop":1743497903753,"duration":3},"description":"","status":"passed","steps":[{"name":"$(\"webdriver\") close()","time":{"start":1743497903753,"stop":1743497903753,"duration":0},"status":"passed","steps":[],"attachments":[],"parameters":[],"shouldDisplayMessage":false,"stepsCount":0,"attachmentsCount":0,"hasContent":false}],"attachments":[],"parameters":[],"shouldDisplayMessage":false,"stepsCount":1,"attachmentsCount":0,"hasContent":true},{"name":"afterTest","time":{"start":1743497903755,"stop":1743497903755,"duration":0},"description":"","status":"passed","steps":[],"attachments":[],"parameters":[],"shouldDisplayMessage":false,"stepsCount":0,"attachmentsCount":0,"hasContent":false}],"labels":[{"name":"package","value":"org.example.teamcity.ui.BuildTypeCreateTest"},{"name":"testClass","value":"org.example.teamcity.ui.BuildTypeCreateTest"},{"name":"testMethod","value":"userCreatesBuildTypeWithoutNameTest"},{"name":"parentSuite","value":"Surefire suite"},{"name":"suite","value":"Surefire test"},{"name":"subSuite","value":"org.example.teamcity.ui.BuildTypeCreateTest"},{"name":"host","value":"fv-az798-128"},{"name":"thread","value":"4117@fv-az798-128.main(1)"},{"name":"framework","value":"testng"},{"name":"language","value":"java"},{"name":"resultFormat","value":"allure2"}],"parameters":[],"links":[],"hidden":false,"retry":false,"extra":{"severity":"normal","retries":[],"categories":[],"history":{"statistic":{"failed":0,"broken":0,"skipped":4,"passed":0,"unknown":0,"total":4},"items":[{"uid":"8b357406e3f1bd13","reportUrl":"https://KazakovM.github.io/teamcity-automation-java/ui/41//#testresult/8b357406e3f1bd13","status":"skipped","statusDetails":"Unable to extract getClass() value from org.example.teamcity.api.models.User","time":{"start":1743497028249,"stop":1743497028252,"duration":3}},{"uid":"755e10982751314a","reportUrl":"https://KazakovM.github.io/teamcity-automation-java/ui/40//#testresult/755e10982751314a","status":"skipped","statusDetails":"Unable to extract getClass() value from org.example.teamcity.api.models.User","time":{"start":1743496496135,"stop":1743496496137,"duration":2}},{"uid":"e60cddcf0f1f6a13","reportUrl":"https://KazakovM.github.io/teamcity-automation-java/ui/39//#testresult/e60cddcf0f1f6a13","status":"skipped","statusDetails":"Unable to extract getClass() value from org.example.teamcity.api.models.User","time":{"start":1743496238154,"stop":1743496238154,"duration":0}}]},"tags":[]},"source":"2d982b11a2b07695.json","parameterValues":[]}