{"uid":"5778d2023586d0dd","name":"User should be able to start build and retrieve logs (with Wiremock)","fullName":"org.example.teamcity.api.build.StartBuildTest.userStartsBuildAndReadsLogsWithWiremock","historyId":"b97e07f73cf1b1ff873aeea1cab4dbb4","time":{"start":1743494704248,"stop":1743494704248,"duration":0},"status":"skipped","statusMessage":"Unable to extract getClass() value from org.example.teamcity.api.models.User","statusTrace":"java.lang.IllegalStateException: Unable to extract getClass() value from org.example.teamcity.api.models.User\n\tat io.qameta.allure.util.NamingUtils.extractChild(NamingUtils.java:101)\n\tat io.qameta.allure.util.NamingUtils.extractProperties(NamingUtils.java:90)\n\tat io.qameta.allure.util.NamingUtils.processPattern(NamingUtils.java:70)\n\tat io.qameta.allure.util.NamingUtils.processNameTemplate(NamingUtils.java:51)\n\tat io.qameta.allure.util.AspectUtils.lambda$getName$1(AspectUtils.java:46)\n\tat java.base/java.util.Optional.map(Optional.java:260)\n\tat io.qameta.allure.util.AspectUtils.getName(AspectUtils.java:46)\n\tat io.qameta.allure.aspects.StepsAspects.stepStart(StepsAspects.java:72)\n\tat org.example.teamcity.api.requests.unchecked.UncheckedBase.create(UncheckedBase.java:25)\n\tat org.example.teamcity.api.requests.checked.CheckedBase.create(CheckedBase.java:25)\n\tat org.example.teamcity.api.build.StartBuildTest.createTestDataAndInitRequests(StartBuildTest.java:89)\n\tat org.example.teamcity.api.build.StartBuildTest.setupWireMockServer(StartBuildTest.java:33)\n\tat java.base/jdk.internal.reflect.NativeMethodAccessorImpl.invoke0(Native Method)\n\tat java.base/jdk.internal.reflect.NativeMethodAccessorImpl.invoke(NativeMethodAccessorImpl.java:77)\n\tat java.base/jdk.internal.reflect.DelegatingMethodAccessorImpl.invoke(DelegatingMethodAccessorImpl.java:43)\n\tat java.base/java.lang.reflect.Method.invoke(Method.java:569)\n\tat org.testng.internal.invokers.MethodInvocationHelper.invokeMethod(MethodInvocationHelper.java:141)\n\tat org.testng.internal.invokers.MethodInvocationHelper.invokeMethodConsideringTimeout(MethodInvocationHelper.java:71)\n\tat org.testng.internal.invokers.ConfigInvoker.invokeConfigurationMethod(ConfigInvoker.java:400)\n\tat org.testng.internal.invokers.ConfigInvoker.invokeConfigurations(ConfigInvoker.java:333)\n\tat org.testng.internal.invokers.TestInvoker.runConfigMethods(TestInvoker.java:833)\n\tat org.testng.internal.invokers.TestInvoker.invokeMethod(TestInvoker.java:600)\n\tat org.testng.internal.invokers.TestInvoker.invokeTestMethod(TestInvoker.java:230)\n\tat org.testng.internal.invokers.MethodRunner.runInSequence(MethodRunner.java:63)\n\tat org.testng.internal.invokers.TestInvoker$MethodInvocationAgent.invoke(TestInvoker.java:992)\n\tat org.testng.internal.invokers.TestInvoker.invokeTestMethods(TestInvoker.java:203)\n\tat org.testng.internal.invokers.TestMethodWorker.invokeTestMethods(TestMethodWorker.java:154)\n\tat org.testng.internal.invokers.TestMethodWorker.run(TestMethodWorker.java:134)\n\tat java.base/java.util.ArrayList.forEach(ArrayList.java:1511)\n\tat org.testng.TestRunner.privateRun(TestRunner.java:739)\n\tat org.testng.TestRunner.run(TestRunner.java:614)\n\tat org.testng.SuiteRunner.runTest(SuiteRunner.java:421)\n\tat org.testng.SuiteRunner.runSequentially(SuiteRunner.java:413)\n\tat org.testng.SuiteRunner.privateRun(SuiteRunner.java:373)\n\tat org.testng.SuiteRunner.run(SuiteRunner.java:312)\n\tat org.testng.SuiteRunnerWorker.runSuite(SuiteRunnerWorker.java:52)\n\tat org.testng.SuiteRunnerWorker.run(SuiteRunnerWorker.java:95)\n\tat org.testng.TestNG.runSuitesSequentially(TestNG.java:1274)\n\tat org.testng.TestNG.runSuitesLocally(TestNG.java:1208)\n\tat org.testng.TestNG.runSuites(TestNG.java:1112)\n\tat org.testng.TestNG.run(TestNG.java:1079)\n\tat org.apache.maven.surefire.testng.TestNGExecutor.run(TestNGExecutor.java:151)\n\tat org.apache.maven.surefire.testng.TestNGDirectoryTestSuite.executeMulti(TestNGDirectoryTestSuite.java:192)\n\tat org.apache.maven.surefire.testng.TestNGDirectoryTestSuite.execute(TestNGDirectoryTestSuite.java:93)\n\tat org.apache.maven.surefire.testng.TestNGProvider.invoke(TestNGProvider.java:155)\n\tat org.apache.maven.surefire.booter.ForkedBooter.runSuitesInProcess(ForkedBooter.java:456)\n\tat org.apache.maven.surefire.booter.ForkedBooter.execute(ForkedBooter.java:169)\n\tat org.apache.maven.surefire.booter.ForkedBooter.run(ForkedBooter.java:595)\n\tat org.apache.maven.surefire.booter.ForkedBooter.main(ForkedBooter.java:581)\nCaused by: java.lang.NoSuchFieldException: getClass()\n\tat java.base/java.lang.Class.getField(Class.java:2117)\n\tat io.qameta.allure.util.NamingUtils.extractField(NamingUtils.java:109)\n\tat io.qameta.allure.util.NamingUtils.extractChild(NamingUtils.java:99)\n\t... 48 more\n","flaky":false,"newFailed":false,"newBroken":false,"newPassed":false,"retriesCount":0,"retriesStatusChange":false,"beforeStages":[{"name":"beforeTest","time":{"start":1743494702828,"stop":1743494702828,"duration":0},"description":"","status":"passed","steps":[],"attachments":[],"parameters":[],"shouldDisplayMessage":false,"stepsCount":0,"attachmentsCount":0,"hasContent":false},{"name":"setupWireMockServer","time":{"start":1743494702829,"stop":1743494704238,"duration":1409},"description":"","status":"broken","statusMessage":"Unable to extract getClass() value from org.example.teamcity.api.models.User","statusTrace":"java.lang.IllegalStateException: Unable to extract getClass() value from org.example.teamcity.api.models.User\n\tat io.qameta.allure.util.NamingUtils.extractChild(NamingUtils.java:101)\n\tat io.qameta.allure.util.NamingUtils.extractProperties(NamingUtils.java:90)\n\tat io.qameta.allure.util.NamingUtils.processPattern(NamingUtils.java:70)\n\tat io.qameta.allure.util.NamingUtils.processNameTemplate(NamingUtils.java:51)\n\tat io.qameta.allure.util.AspectUtils.lambda$getName$1(AspectUtils.java:46)\n\tat java.base/java.util.Optional.map(Optional.java:260)\n\tat io.qameta.allure.util.AspectUtils.getName(AspectUtils.java:46)\n\tat io.qameta.allure.aspects.StepsAspects.stepStart(StepsAspects.java:72)\n\tat org.example.teamcity.api.requests.unchecked.UncheckedBase.create(UncheckedBase.java:25)\n\tat org.example.teamcity.api.requests.checked.CheckedBase.create(CheckedBase.java:25)\n\tat org.example.teamcity.api.build.StartBuildTest.createTestDataAndInitRequests(StartBuildTest.java:89)\n\tat org.example.teamcity.api.build.StartBuildTest.setupWireMockServer(StartBuildTest.java:33)\n\tat java.base/jdk.internal.reflect.NativeMethodAccessorImpl.invoke0(Native Method)\n\tat java.base/jdk.internal.reflect.NativeMethodAccessorImpl.invoke(NativeMethodAccessorImpl.java:77)\n\tat java.base/jdk.internal.reflect.DelegatingMethodAccessorImpl.invoke(DelegatingMethodAccessorImpl.java:43)\n\tat java.base/java.lang.reflect.Method.invoke(Method.java:569)\n\tat org.testng.internal.invokers.MethodInvocationHelper.invokeMethod(MethodInvocationHelper.java:141)\n\tat org.testng.internal.invokers.MethodInvocationHelper.invokeMethodConsideringTimeout(MethodInvocationHelper.java:71)\n\tat org.testng.internal.invokers.ConfigInvoker.invokeConfigurationMethod(ConfigInvoker.java:400)\n\tat org.testng.internal.invokers.ConfigInvoker.invokeConfigurations(ConfigInvoker.java:333)\n\tat org.testng.internal.invokers.TestInvoker.runConfigMethods(TestInvoker.java:833)\n\tat org.testng.internal.invokers.TestInvoker.invokeMethod(TestInvoker.java:600)\n\tat org.testng.internal.invokers.TestInvoker.invokeTestMethod(TestInvoker.java:230)\n\tat org.testng.internal.invokers.MethodRunner.runInSequence(MethodRunner.java:63)\n\tat org.testng.internal.invokers.TestInvoker$MethodInvocationAgent.invoke(TestInvoker.java:992)\n\tat org.testng.internal.invokers.TestInvoker.invokeTestMethods(TestInvoker.java:203)\n\tat org.testng.internal.invokers.TestMethodWorker.invokeTestMethods(TestMethodWorker.java:154)\n\tat org.testng.internal.invokers.TestMethodWorker.run(TestMethodWorker.java:134)\n\tat java.base/java.util.ArrayList.forEach(ArrayList.java:1511)\n\tat org.testng.TestRunner.privateRun(TestRunner.java:739)\n\tat org.testng.TestRunner.run(TestRunner.java:614)\n\tat org.testng.SuiteRunner.runTest(SuiteRunner.java:421)\n\tat org.testng.SuiteRunner.runSequentially(SuiteRunner.java:413)\n\tat org.testng.SuiteRunner.privateRun(SuiteRunner.java:373)\n\tat org.testng.SuiteRunner.run(SuiteRunner.java:312)\n\tat org.testng.SuiteRunnerWorker.runSuite(SuiteRunnerWorker.java:52)\n\tat org.testng.SuiteRunnerWorker.run(SuiteRunnerWorker.java:95)\n\tat org.testng.TestNG.runSuitesSequentially(TestNG.java:1274)\n\tat org.testng.TestNG.runSuitesLocally(TestNG.java:1208)\n\tat org.testng.TestNG.runSuites(TestNG.java:1112)\n\tat org.testng.TestNG.run(TestNG.java:1079)\n\tat org.apache.maven.surefire.testng.TestNGExecutor.run(TestNGExecutor.java:151)\n\tat org.apache.maven.surefire.testng.TestNGDirectoryTestSuite.executeMulti(TestNGDirectoryTestSuite.java:192)\n\tat org.apache.maven.surefire.testng.TestNGDirectoryTestSuite.execute(TestNGDirectoryTestSuite.java:93)\n\tat org.apache.maven.surefire.testng.TestNGProvider.invoke(TestNGProvider.java:155)\n\tat org.apache.maven.surefire.booter.ForkedBooter.runSuitesInProcess(ForkedBooter.java:456)\n\tat org.apache.maven.surefire.booter.ForkedBooter.execute(ForkedBooter.java:169)\n\tat org.apache.maven.surefire.booter.ForkedBooter.run(ForkedBooter.java:595)\n\tat org.apache.maven.surefire.booter.ForkedBooter.main(ForkedBooter.java:581)\nCaused by: java.lang.NoSuchFieldException: getClass()\n\tat java.base/java.lang.Class.getField(Class.java:2117)\n\tat io.qameta.allure.util.NamingUtils.extractField(NamingUtils.java:109)\n\tat io.qameta.allure.util.NamingUtils.extractChild(NamingUtils.java:99)\n\t... 48 more\n","steps":[{"name":"Setting up mocks","time":{"start":1743494702830,"stop":1743494704237,"duration":1407},"status":"passed","steps":[],"attachments":[],"parameters":[],"shouldDisplayMessage":false,"stepsCount":0,"attachmentsCount":0,"hasContent":false},{"name":"Create test data and initialize requests","time":{"start":1743494704238,"stop":1743494704238,"duration":0},"status":"broken","statusMessage":"Unable to extract getClass() value from org.example.teamcity.api.models.User","statusTrace":"java.lang.IllegalStateException: Unable to extract getClass() value from org.example.teamcity.api.models.User\n\tat io.qameta.allure.util.NamingUtils.extractChild(NamingUtils.java:101)\n\tat io.qameta.allure.util.NamingUtils.extractProperties(NamingUtils.java:90)\n\tat io.qameta.allure.util.NamingUtils.processPattern(NamingUtils.java:70)\n\tat io.qameta.allure.util.NamingUtils.processNameTemplate(NamingUtils.java:51)\n\tat io.qameta.allure.util.AspectUtils.lambda$getName$1(AspectUtils.java:46)\n\tat java.base/java.util.Optional.map(Optional.java:260)\n\tat io.qameta.allure.util.AspectUtils.getName(AspectUtils.java:46)\n\tat io.qameta.allure.aspects.StepsAspects.stepStart(StepsAspects.java:72)\n\tat org.example.teamcity.api.requests.unchecked.UncheckedBase.create(UncheckedBase.java:25)\n\tat org.example.teamcity.api.requests.checked.CheckedBase.create(CheckedBase.java:25)\n\tat org.example.teamcity.api.build.StartBuildTest.createTestDataAndInitRequests(StartBuildTest.java:89)\n\tat org.example.teamcity.api.build.StartBuildTest.setupWireMockServer(StartBuildTest.java:33)\n\tat java.base/jdk.internal.reflect.NativeMethodAccessorImpl.invoke0(Native Method)\n\tat java.base/jdk.internal.reflect.NativeMethodAccessorImpl.invoke(NativeMethodAccessorImpl.java:77)\n\tat java.base/jdk.internal.reflect.DelegatingMethodAccessorImpl.invoke(DelegatingMethodAccessorImpl.java:43)\n\tat java.base/java.lang.reflect.Method.invoke(Method.java:569)\n\tat org.testng.internal.invokers.MethodInvocationHelper.invokeMethod(MethodInvocationHelper.java:141)\n\tat org.testng.internal.invokers.MethodInvocationHelper.invokeMethodConsideringTimeout(MethodInvocationHelper.java:71)\n\tat org.testng.internal.invokers.ConfigInvoker.invokeConfigurationMethod(ConfigInvoker.java:400)\n\tat org.testng.internal.invokers.ConfigInvoker.invokeConfigurations(ConfigInvoker.java:333)\n\tat org.testng.internal.invokers.TestInvoker.runConfigMethods(TestInvoker.java:833)\n\tat org.testng.internal.invokers.TestInvoker.invokeMethod(TestInvoker.java:600)\n\tat org.testng.internal.invokers.TestInvoker.invokeTestMethod(TestInvoker.java:230)\n\tat org.testng.internal.invokers.MethodRunner.runInSequence(MethodRunner.java:63)\n\tat org.testng.internal.invokers.TestInvoker$MethodInvocationAgent.invoke(TestInvoker.java:992)\n\tat org.testng.internal.invokers.TestInvoker.invokeTestMethods(TestInvoker.java:203)\n\tat org.testng.internal.invokers.TestMethodWorker.invokeTestMethods(TestMethodWorker.java:154)\n\tat org.testng.internal.invokers.TestMethodWorker.run(TestMethodWorker.java:134)\n\tat java.base/java.util.ArrayList.forEach(ArrayList.java:1511)\n\tat org.testng.TestRunner.privateRun(TestRunner.java:739)\n\tat org.testng.TestRunner.run(TestRunner.java:614)\n\tat org.testng.SuiteRunner.runTest(SuiteRunner.java:421)\n\tat org.testng.SuiteRunner.runSequentially(SuiteRunner.java:413)\n\tat org.testng.SuiteRunner.privateRun(SuiteRunner.java:373)\n\tat org.testng.SuiteRunner.run(SuiteRunner.java:312)\n\tat org.testng.SuiteRunnerWorker.runSuite(SuiteRunnerWorker.java:52)\n\tat org.testng.SuiteRunnerWorker.run(SuiteRunnerWorker.java:95)\n\tat org.testng.TestNG.runSuitesSequentially(TestNG.java:1274)\n\tat org.testng.TestNG.runSuitesLocally(TestNG.java:1208)\n\tat org.testng.TestNG.runSuites(TestNG.java:1112)\n\tat org.testng.TestNG.run(TestNG.java:1079)\n\tat org.apache.maven.surefire.testng.TestNGExecutor.run(TestNGExecutor.java:151)\n\tat org.apache.maven.surefire.testng.TestNGDirectoryTestSuite.executeMulti(TestNGDirectoryTestSuite.java:192)\n\tat org.apache.maven.surefire.testng.TestNGDirectoryTestSuite.execute(TestNGDirectoryTestSuite.java:93)\n\tat org.apache.maven.surefire.testng.TestNGProvider.invoke(TestNGProvider.java:155)\n\tat org.apache.maven.surefire.booter.ForkedBooter.runSuitesInProcess(ForkedBooter.java:456)\n\tat org.apache.maven.surefire.booter.ForkedBooter.execute(ForkedBooter.java:169)\n\tat org.apache.maven.surefire.booter.ForkedBooter.run(ForkedBooter.java:595)\n\tat org.apache.maven.surefire.booter.ForkedBooter.main(ForkedBooter.java:581)\nCaused by: java.lang.NoSuchFieldException: getClass()\n\tat java.base/java.lang.Class.getField(Class.java:2117)\n\tat io.qameta.allure.util.NamingUtils.extractField(NamingUtils.java:109)\n\tat io.qameta.allure.util.NamingUtils.extractChild(NamingUtils.java:99)\n\t... 48 more\n","steps":[],"attachments":[],"parameters":[],"shouldDisplayMessage":true,"stepsCount":0,"attachmentsCount":0,"hasContent":true}],"attachments":[],"parameters":[],"shouldDisplayMessage":false,"stepsCount":2,"attachmentsCount":0,"hasContent":true}],"afterStages":[{"name":"stopWireMockServer","time":{"start":1743494704249,"stop":1743494704300,"duration":51},"description":"","status":"passed","steps":[],"attachments":[],"parameters":[],"shouldDisplayMessage":false,"stepsCount":0,"attachmentsCount":0,"hasContent":false},{"name":"afterTest","time":{"start":1743494704302,"stop":1743494704302,"duration":0},"description":"","status":"passed","steps":[],"attachments":[],"parameters":[],"shouldDisplayMessage":false,"stepsCount":0,"attachmentsCount":0,"hasContent":false}],"labels":[{"name":"package","value":"org.example.teamcity.api.build.StartBuildTest"},{"name":"testClass","value":"org.example.teamcity.api.build.StartBuildTest"},{"name":"testMethod","value":"userStartsBuildAndReadsLogsWithWiremock"},{"name":"parentSuite","value":"Surefire suite"},{"name":"suite","value":"Surefire test"},{"name":"subSuite","value":"org.example.teamcity.api.build.StartBuildTest"},{"name":"host","value":"fv-az2027-441"},{"name":"thread","value":"4071@fv-az2027-441.main(1)"},{"name":"framework","value":"testng"},{"name":"language","value":"java"},{"name":"feature","value":"Start build"},{"name":"resultFormat","value":"allure2"}],"parameters":[],"links":[],"hidden":false,"retry":false,"extra":{"severity":"normal","retries":[],"categories":[],"history":{"statistic":{"failed":0,"broken":0,"skipped":1,"passed":20,"unknown":0,"total":21},"items":[{"uid":"2f7dc06db0b22992","reportUrl":"https://KazakovM.github.io/teamcity-automation-java/api/37//#testresult/2f7dc06db0b22992","status":"passed","time":{"start":1743493793905,"stop":1743493794317,"duration":412}},{"uid":"8ad096fc42cb345b","reportUrl":"https://KazakovM.github.io/teamcity-automation-java/api/36//#testresult/8ad096fc42cb345b","status":"passed","time":{"start":1743492691255,"stop":1743492691757,"duration":502}},{"uid":"527acfc4e9e674a","reportUrl":"https://KazakovM.github.io/teamcity-automation-java/api/35//#testresult/527acfc4e9e674a","status":"passed","time":{"start":1743491072917,"stop":1743491073256,"duration":339}},{"uid":"25ef99b365c1c377","reportUrl":"https://KazakovM.github.io/teamcity-automation-java/api/34//#testresult/25ef99b365c1c377","status":"passed","time":{"start":1743490522835,"stop":1743490523127,"duration":292}},{"uid":"270b4d0d834741b1","reportUrl":"https://KazakovM.github.io/teamcity-automation-java/api/33//#testresult/270b4d0d834741b1","status":"passed","time":{"start":1743490256980,"stop":1743490257261,"duration":281}},{"uid":"845b6714bf413e97","reportUrl":"https://KazakovM.github.io/teamcity-automation-java/api/32//#testresult/845b6714bf413e97","status":"passed","time":{"start":1743489214364,"stop":1743489214743,"duration":379}},{"uid":"bd41a0d595654c2a","reportUrl":"https://KazakovM.github.io/teamcity-automation-java/api/31//#testresult/bd41a0d595654c2a","status":"passed","time":{"start":1743488031348,"stop":1743488031601,"duration":253}},{"uid":"72f657105aea2a9b","reportUrl":"https://KazakovM.github.io/teamcity-automation-java/api/30//#testresult/72f657105aea2a9b","status":"passed","time":{"start":1743486704497,"stop":1743486704892,"duration":395}},{"uid":"35c1d9e1a45294a1","reportUrl":"https://KazakovM.github.io/teamcity-automation-java/api/29//#testresult/35c1d9e1a45294a1","status":"passed","time":{"start":1743458504457,"stop":1743458505191,"duration":734}},{"uid":"1fe9ba378c88eadf","reportUrl":"https://KazakovM.github.io/teamcity-automation-java/api/27//#testresult/1fe9ba378c88eadf","status":"passed","time":{"start":1743458397768,"stop":1743458398064,"duration":296}},{"uid":"6d092b397ce50e84","reportUrl":"https://KazakovM.github.io/teamcity-automation-java/api/27//#testresult/6d092b397ce50e84","status":"passed","time":{"start":1743458039663,"stop":1743458040032,"duration":369}},{"uid":"22ff50a83734ad32","reportUrl":"https://KazakovM.github.io/teamcity-automation-java/api/28//#testresult/22ff50a83734ad32","status":"passed","time":{"start":1743457530231,"stop":1743457530683,"duration":452}},{"uid":"7def308fda187b17","reportUrl":"https://KazakovM.github.io/teamcity-automation-java/api/27//#testresult/7def308fda187b17","status":"passed","time":{"start":1743457244881,"stop":1743457245256,"duration":375}},{"uid":"8804976e0224d3fc","reportUrl":"https://KazakovM.github.io/teamcity-automation-java/api/26//#testresult/8804976e0224d3fc","status":"passed","time":{"start":1743456188897,"stop":1743456189334,"duration":437}},{"uid":"c23dd9790da45319","reportUrl":"https://KazakovM.github.io/teamcity-automation-java/api/26//#testresult/c23dd9790da45319","status":"passed","time":{"start":1743455842658,"stop":1743455843091,"duration":433}},{"uid":"2078eef795fa2a6b","reportUrl":"https://KazakovM.github.io/teamcity-automation-java/api/25//#testresult/2078eef795fa2a6b","status":"passed","time":{"start":1743455421987,"stop":1743455422389,"duration":402}},{"uid":"58b43ed9d9199ff7","reportUrl":"https://KazakovM.github.io/teamcity-automation-java/api/25//#testresult/58b43ed9d9199ff7","status":"passed","time":{"start":1743454969050,"stop":1743454969374,"duration":324}},{"uid":"387a930f6dfe851f","reportUrl":"https://KazakovM.github.io/teamcity-automation-java/api/25//#testresult/387a930f6dfe851f","status":"passed","time":{"start":1743454480503,"stop":1743454480876,"duration":373}},{"uid":"5e924ceda8e8f4ba","reportUrl":"https://KazakovM.github.io/teamcity-automation-java/api/24//#testresult/5e924ceda8e8f4ba","status":"passed","time":{"start":1743454413605,"stop":1743454413973,"duration":368}},{"uid":"23db7db1d1f202b2","reportUrl":"https://KazakovM.github.io/teamcity-automation-java/api/23//#testresult/23db7db1d1f202b2","status":"passed","time":{"start":1743453933617,"stop":1743453933908,"duration":291}}]},"tags":[]},"source":"5778d2023586d0dd.json","parameterValues":[]}