{"uid":"cfdfe2479033b9d4","name":"User should be able to start build (with WireMock)","fullName":"org.example.teamcity.api.build.StartBuildTest.userStartsBuildWithWireMockTest","historyId":"33c82d999855bc35ed30f2d10ccc0416","time":{"start":1743494704349,"stop":1743494704349,"duration":0},"status":"skipped","statusMessage":"Unable to extract getClass() value from org.example.teamcity.api.models.User","statusTrace":"java.lang.IllegalStateException: Unable to extract getClass() value from org.example.teamcity.api.models.User\n\tat io.qameta.allure.util.NamingUtils.extractChild(NamingUtils.java:101)\n\tat io.qameta.allure.util.NamingUtils.extractProperties(NamingUtils.java:90)\n\tat io.qameta.allure.util.NamingUtils.processPattern(NamingUtils.java:70)\n\tat io.qameta.allure.util.NamingUtils.processNameTemplate(NamingUtils.java:51)\n\tat io.qameta.allure.util.AspectUtils.lambda$getName$1(AspectUtils.java:46)\n\tat java.base/java.util.Optional.map(Optional.java:260)\n\tat io.qameta.allure.util.AspectUtils.getName(AspectUtils.java:46)\n\tat io.qameta.allure.aspects.StepsAspects.stepStart(StepsAspects.java:72)\n\tat org.example.teamcity.api.requests.unchecked.UncheckedBase.create(UncheckedBase.java:25)\n\tat org.example.teamcity.api.requests.checked.CheckedBase.create(CheckedBase.java:25)\n\tat org.example.teamcity.api.build.StartBuildTest.createTestDataAndInitRequests(StartBuildTest.java:89)\n\tat org.example.teamcity.api.build.StartBuildTest.setupWireMockServer(StartBuildTest.java:33)\n\tat java.base/jdk.internal.reflect.NativeMethodAccessorImpl.invoke0(Native Method)\n\tat java.base/jdk.internal.reflect.NativeMethodAccessorImpl.invoke(NativeMethodAccessorImpl.java:77)\n\tat java.base/jdk.internal.reflect.DelegatingMethodAccessorImpl.invoke(DelegatingMethodAccessorImpl.java:43)\n\tat java.base/java.lang.reflect.Method.invoke(Method.java:569)\n\tat org.testng.internal.invokers.MethodInvocationHelper.invokeMethod(MethodInvocationHelper.java:141)\n\tat org.testng.internal.invokers.MethodInvocationHelper.invokeMethodConsideringTimeout(MethodInvocationHelper.java:71)\n\tat org.testng.internal.invokers.ConfigInvoker.invokeConfigurationMethod(ConfigInvoker.java:400)\n\tat org.testng.internal.invokers.ConfigInvoker.invokeConfigurations(ConfigInvoker.java:333)\n\tat org.testng.internal.invokers.TestInvoker.runConfigMethods(TestInvoker.java:833)\n\tat org.testng.internal.invokers.TestInvoker.invokeMethod(TestInvoker.java:600)\n\tat org.testng.internal.invokers.TestInvoker.invokeTestMethod(TestInvoker.java:230)\n\tat org.testng.internal.invokers.MethodRunner.runInSequence(MethodRunner.java:63)\n\tat org.testng.internal.invokers.TestInvoker$MethodInvocationAgent.invoke(TestInvoker.java:992)\n\tat org.testng.internal.invokers.TestInvoker.invokeTestMethods(TestInvoker.java:203)\n\tat org.testng.internal.invokers.TestMethodWorker.invokeTestMethods(TestMethodWorker.java:154)\n\tat org.testng.internal.invokers.TestMethodWorker.run(TestMethodWorker.java:134)\n\tat java.base/java.util.ArrayList.forEach(ArrayList.java:1511)\n\tat org.testng.TestRunner.privateRun(TestRunner.java:739)\n\tat org.testng.TestRunner.run(TestRunner.java:614)\n\tat org.testng.SuiteRunner.runTest(SuiteRunner.java:421)\n\tat org.testng.SuiteRunner.runSequentially(SuiteRunner.java:413)\n\tat org.testng.SuiteRunner.privateRun(SuiteRunner.java:373)\n\tat org.testng.SuiteRunner.run(SuiteRunner.java:312)\n\tat org.testng.SuiteRunnerWorker.runSuite(SuiteRunnerWorker.java:52)\n\tat org.testng.SuiteRunnerWorker.run(SuiteRunnerWorker.java:95)\n\tat org.testng.TestNG.runSuitesSequentially(TestNG.java:1274)\n\tat org.testng.TestNG.runSuitesLocally(TestNG.java:1208)\n\tat org.testng.TestNG.runSuites(TestNG.java:1112)\n\tat org.testng.TestNG.run(TestNG.java:1079)\n\tat org.apache.maven.surefire.testng.TestNGExecutor.run(TestNGExecutor.java:151)\n\tat org.apache.maven.surefire.testng.TestNGDirectoryTestSuite.executeMulti(TestNGDirectoryTestSuite.java:192)\n\tat org.apache.maven.surefire.testng.TestNGDirectoryTestSuite.execute(TestNGDirectoryTestSuite.java:93)\n\tat org.apache.maven.surefire.testng.TestNGProvider.invoke(TestNGProvider.java:155)\n\tat org.apache.maven.surefire.booter.ForkedBooter.runSuitesInProcess(ForkedBooter.java:456)\n\tat org.apache.maven.surefire.booter.ForkedBooter.execute(ForkedBooter.java:169)\n\tat org.apache.maven.surefire.booter.ForkedBooter.run(ForkedBooter.java:595)\n\tat org.apache.maven.surefire.booter.ForkedBooter.main(ForkedBooter.java:581)\nCaused by: java.lang.NoSuchFieldException: getClass()\n\tat java.base/java.lang.Class.getField(Class.java:2117)\n\tat io.qameta.allure.util.NamingUtils.extractField(NamingUtils.java:109)\n\tat io.qameta.allure.util.NamingUtils.extractChild(NamingUtils.java:99)\n\t... 48 more\n","flaky":false,"newFailed":false,"newBroken":false,"newPassed":false,"retriesCount":0,"retriesStatusChange":false,"beforeStages":[{"name":"beforeTest","time":{"start":1743494704303,"stop":1743494704303,"duration":0},"description":"","status":"passed","steps":[],"attachments":[],"parameters":[],"shouldDisplayMessage":false,"stepsCount":0,"attachmentsCount":0,"hasContent":false},{"name":"setupWireMockServer","time":{"start":1743494704304,"stop":1743494704343,"duration":39},"description":"","status":"broken","statusMessage":"Unable to extract getClass() value from org.example.teamcity.api.models.User","statusTrace":"java.lang.IllegalStateException: Unable to extract getClass() value from org.example.teamcity.api.models.User\n\tat io.qameta.allure.util.NamingUtils.extractChild(NamingUtils.java:101)\n\tat io.qameta.allure.util.NamingUtils.extractProperties(NamingUtils.java:90)\n\tat io.qameta.allure.util.NamingUtils.processPattern(NamingUtils.java:70)\n\tat io.qameta.allure.util.NamingUtils.processNameTemplate(NamingUtils.java:51)\n\tat io.qameta.allure.util.AspectUtils.lambda$getName$1(AspectUtils.java:46)\n\tat java.base/java.util.Optional.map(Optional.java:260)\n\tat io.qameta.allure.util.AspectUtils.getName(AspectUtils.java:46)\n\tat io.qameta.allure.aspects.StepsAspects.stepStart(StepsAspects.java:72)\n\tat org.example.teamcity.api.requests.unchecked.UncheckedBase.create(UncheckedBase.java:25)\n\tat org.example.teamcity.api.requests.checked.CheckedBase.create(CheckedBase.java:25)\n\tat org.example.teamcity.api.build.StartBuildTest.createTestDataAndInitRequests(StartBuildTest.java:89)\n\tat org.example.teamcity.api.build.StartBuildTest.setupWireMockServer(StartBuildTest.java:33)\n\tat java.base/jdk.internal.reflect.NativeMethodAccessorImpl.invoke0(Native Method)\n\tat java.base/jdk.internal.reflect.NativeMethodAccessorImpl.invoke(NativeMethodAccessorImpl.java:77)\n\tat java.base/jdk.internal.reflect.DelegatingMethodAccessorImpl.invoke(DelegatingMethodAccessorImpl.java:43)\n\tat java.base/java.lang.reflect.Method.invoke(Method.java:569)\n\tat org.testng.internal.invokers.MethodInvocationHelper.invokeMethod(MethodInvocationHelper.java:141)\n\tat org.testng.internal.invokers.MethodInvocationHelper.invokeMethodConsideringTimeout(MethodInvocationHelper.java:71)\n\tat org.testng.internal.invokers.ConfigInvoker.invokeConfigurationMethod(ConfigInvoker.java:400)\n\tat org.testng.internal.invokers.ConfigInvoker.invokeConfigurations(ConfigInvoker.java:333)\n\tat org.testng.internal.invokers.TestInvoker.runConfigMethods(TestInvoker.java:833)\n\tat org.testng.internal.invokers.TestInvoker.invokeMethod(TestInvoker.java:600)\n\tat org.testng.internal.invokers.TestInvoker.invokeTestMethod(TestInvoker.java:230)\n\tat org.testng.internal.invokers.MethodRunner.runInSequence(MethodRunner.java:63)\n\tat org.testng.internal.invokers.TestInvoker$MethodInvocationAgent.invoke(TestInvoker.java:992)\n\tat org.testng.internal.invokers.TestInvoker.invokeTestMethods(TestInvoker.java:203)\n\tat org.testng.internal.invokers.TestMethodWorker.invokeTestMethods(TestMethodWorker.java:154)\n\tat org.testng.internal.invokers.TestMethodWorker.run(TestMethodWorker.java:134)\n\tat java.base/java.util.ArrayList.forEach(ArrayList.java:1511)\n\tat org.testng.TestRunner.privateRun(TestRunner.java:739)\n\tat org.testng.TestRunner.run(TestRunner.java:614)\n\tat org.testng.SuiteRunner.runTest(SuiteRunner.java:421)\n\tat org.testng.SuiteRunner.runSequentially(SuiteRunner.java:413)\n\tat org.testng.SuiteRunner.privateRun(SuiteRunner.java:373)\n\tat org.testng.SuiteRunner.run(SuiteRunner.java:312)\n\tat org.testng.SuiteRunnerWorker.runSuite(SuiteRunnerWorker.java:52)\n\tat org.testng.SuiteRunnerWorker.run(SuiteRunnerWorker.java:95)\n\tat org.testng.TestNG.runSuitesSequentially(TestNG.java:1274)\n\tat org.testng.TestNG.runSuitesLocally(TestNG.java:1208)\n\tat org.testng.TestNG.runSuites(TestNG.java:1112)\n\tat org.testng.TestNG.run(TestNG.java:1079)\n\tat org.apache.maven.surefire.testng.TestNGExecutor.run(TestNGExecutor.java:151)\n\tat org.apache.maven.surefire.testng.TestNGDirectoryTestSuite.executeMulti(TestNGDirectoryTestSuite.java:192)\n\tat org.apache.maven.surefire.testng.TestNGDirectoryTestSuite.execute(TestNGDirectoryTestSuite.java:93)\n\tat org.apache.maven.surefire.testng.TestNGProvider.invoke(TestNGProvider.java:155)\n\tat org.apache.maven.surefire.booter.ForkedBooter.runSuitesInProcess(ForkedBooter.java:456)\n\tat org.apache.maven.surefire.booter.ForkedBooter.execute(ForkedBooter.java:169)\n\tat org.apache.maven.surefire.booter.ForkedBooter.run(ForkedBooter.java:595)\n\tat org.apache.maven.surefire.booter.ForkedBooter.main(ForkedBooter.java:581)\nCaused by: java.lang.NoSuchFieldException: getClass()\n\tat java.base/java.lang.Class.getField(Class.java:2117)\n\tat io.qameta.allure.util.NamingUtils.extractField(NamingUtils.java:109)\n\tat io.qameta.allure.util.NamingUtils.extractChild(NamingUtils.java:99)\n\t... 48 more\n","steps":[{"name":"Setting up mocks","time":{"start":1743494704304,"stop":1743494704342,"duration":38},"status":"passed","steps":[],"attachments":[],"parameters":[],"shouldDisplayMessage":false,"stepsCount":0,"attachmentsCount":0,"hasContent":false},{"name":"Create test data and initialize requests","time":{"start":1743494704342,"stop":1743494704343,"duration":1},"status":"broken","statusMessage":"Unable to extract getClass() value from org.example.teamcity.api.models.User","statusTrace":"java.lang.IllegalStateException: Unable to extract getClass() value from org.example.teamcity.api.models.User\n\tat io.qameta.allure.util.NamingUtils.extractChild(NamingUtils.java:101)\n\tat io.qameta.allure.util.NamingUtils.extractProperties(NamingUtils.java:90)\n\tat io.qameta.allure.util.NamingUtils.processPattern(NamingUtils.java:70)\n\tat io.qameta.allure.util.NamingUtils.processNameTemplate(NamingUtils.java:51)\n\tat io.qameta.allure.util.AspectUtils.lambda$getName$1(AspectUtils.java:46)\n\tat java.base/java.util.Optional.map(Optional.java:260)\n\tat io.qameta.allure.util.AspectUtils.getName(AspectUtils.java:46)\n\tat io.qameta.allure.aspects.StepsAspects.stepStart(StepsAspects.java:72)\n\tat org.example.teamcity.api.requests.unchecked.UncheckedBase.create(UncheckedBase.java:25)\n\tat org.example.teamcity.api.requests.checked.CheckedBase.create(CheckedBase.java:25)\n\tat org.example.teamcity.api.build.StartBuildTest.createTestDataAndInitRequests(StartBuildTest.java:89)\n\tat org.example.teamcity.api.build.StartBuildTest.setupWireMockServer(StartBuildTest.java:33)\n\tat java.base/jdk.internal.reflect.NativeMethodAccessorImpl.invoke0(Native Method)\n\tat java.base/jdk.internal.reflect.NativeMethodAccessorImpl.invoke(NativeMethodAccessorImpl.java:77)\n\tat java.base/jdk.internal.reflect.DelegatingMethodAccessorImpl.invoke(DelegatingMethodAccessorImpl.java:43)\n\tat java.base/java.lang.reflect.Method.invoke(Method.java:569)\n\tat org.testng.internal.invokers.MethodInvocationHelper.invokeMethod(MethodInvocationHelper.java:141)\n\tat org.testng.internal.invokers.MethodInvocationHelper.invokeMethodConsideringTimeout(MethodInvocationHelper.java:71)\n\tat org.testng.internal.invokers.ConfigInvoker.invokeConfigurationMethod(ConfigInvoker.java:400)\n\tat org.testng.internal.invokers.ConfigInvoker.invokeConfigurations(ConfigInvoker.java:333)\n\tat org.testng.internal.invokers.TestInvoker.runConfigMethods(TestInvoker.java:833)\n\tat org.testng.internal.invokers.TestInvoker.invokeMethod(TestInvoker.java:600)\n\tat org.testng.internal.invokers.TestInvoker.invokeTestMethod(TestInvoker.java:230)\n\tat org.testng.internal.invokers.MethodRunner.runInSequence(MethodRunner.java:63)\n\tat org.testng.internal.invokers.TestInvoker$MethodInvocationAgent.invoke(TestInvoker.java:992)\n\tat org.testng.internal.invokers.TestInvoker.invokeTestMethods(TestInvoker.java:203)\n\tat org.testng.internal.invokers.TestMethodWorker.invokeTestMethods(TestMethodWorker.java:154)\n\tat org.testng.internal.invokers.TestMethodWorker.run(TestMethodWorker.java:134)\n\tat java.base/java.util.ArrayList.forEach(ArrayList.java:1511)\n\tat org.testng.TestRunner.privateRun(TestRunner.java:739)\n\tat org.testng.TestRunner.run(TestRunner.java:614)\n\tat org.testng.SuiteRunner.runTest(SuiteRunner.java:421)\n\tat org.testng.SuiteRunner.runSequentially(SuiteRunner.java:413)\n\tat org.testng.SuiteRunner.privateRun(SuiteRunner.java:373)\n\tat org.testng.SuiteRunner.run(SuiteRunner.java:312)\n\tat org.testng.SuiteRunnerWorker.runSuite(SuiteRunnerWorker.java:52)\n\tat org.testng.SuiteRunnerWorker.run(SuiteRunnerWorker.java:95)\n\tat org.testng.TestNG.runSuitesSequentially(TestNG.java:1274)\n\tat org.testng.TestNG.runSuitesLocally(TestNG.java:1208)\n\tat org.testng.TestNG.runSuites(TestNG.java:1112)\n\tat org.testng.TestNG.run(TestNG.java:1079)\n\tat org.apache.maven.surefire.testng.TestNGExecutor.run(TestNGExecutor.java:151)\n\tat org.apache.maven.surefire.testng.TestNGDirectoryTestSuite.executeMulti(TestNGDirectoryTestSuite.java:192)\n\tat org.apache.maven.surefire.testng.TestNGDirectoryTestSuite.execute(TestNGDirectoryTestSuite.java:93)\n\tat org.apache.maven.surefire.testng.TestNGProvider.invoke(TestNGProvider.java:155)\n\tat org.apache.maven.surefire.booter.ForkedBooter.runSuitesInProcess(ForkedBooter.java:456)\n\tat org.apache.maven.surefire.booter.ForkedBooter.execute(ForkedBooter.java:169)\n\tat org.apache.maven.surefire.booter.ForkedBooter.run(ForkedBooter.java:595)\n\tat org.apache.maven.surefire.booter.ForkedBooter.main(ForkedBooter.java:581)\nCaused by: java.lang.NoSuchFieldException: getClass()\n\tat java.base/java.lang.Class.getField(Class.java:2117)\n\tat io.qameta.allure.util.NamingUtils.extractField(NamingUtils.java:109)\n\tat io.qameta.allure.util.NamingUtils.extractChild(NamingUtils.java:99)\n\t... 48 more\n","steps":[],"attachments":[],"parameters":[],"shouldDisplayMessage":true,"stepsCount":0,"attachmentsCount":0,"hasContent":true}],"attachments":[],"parameters":[],"shouldDisplayMessage":false,"stepsCount":2,"attachmentsCount":0,"hasContent":true}],"afterStages":[{"name":"stopWireMockServer","time":{"start":1743494704350,"stop":1743494704372,"duration":22},"description":"","status":"passed","steps":[],"attachments":[],"parameters":[],"shouldDisplayMessage":false,"stepsCount":0,"attachmentsCount":0,"hasContent":false},{"name":"afterTest","time":{"start":1743494704372,"stop":1743494704372,"duration":0},"description":"","status":"passed","steps":[],"attachments":[],"parameters":[],"shouldDisplayMessage":false,"stepsCount":0,"attachmentsCount":0,"hasContent":false}],"labels":[{"name":"package","value":"org.example.teamcity.api.build.StartBuildTest"},{"name":"testClass","value":"org.example.teamcity.api.build.StartBuildTest"},{"name":"testMethod","value":"userStartsBuildWithWireMockTest"},{"name":"parentSuite","value":"Surefire suite"},{"name":"suite","value":"Surefire test"},{"name":"subSuite","value":"org.example.teamcity.api.build.StartBuildTest"},{"name":"host","value":"fv-az2027-441"},{"name":"thread","value":"4071@fv-az2027-441.main(1)"},{"name":"framework","value":"testng"},{"name":"language","value":"java"},{"name":"feature","value":"Start build"},{"name":"resultFormat","value":"allure2"}],"parameters":[],"links":[],"hidden":false,"retry":false,"extra":{"severity":"normal","retries":[],"categories":[],"history":{"statistic":{"failed":0,"broken":0,"skipped":1,"passed":20,"unknown":0,"total":21},"items":[{"uid":"ca489dd2668b36da","reportUrl":"https://KazakovM.github.io/teamcity-automation-java/api/37//#testresult/ca489dd2668b36da","status":"passed","time":{"start":1743493794719,"stop":1743493794774,"duration":55}},{"uid":"4aff37a49fa8094b","reportUrl":"https://KazakovM.github.io/teamcity-automation-java/api/36//#testresult/4aff37a49fa8094b","status":"passed","time":{"start":1743492692768,"stop":1743492692836,"duration":68}},{"uid":"b4397fefa83f82b1","reportUrl":"https://KazakovM.github.io/teamcity-automation-java/api/35//#testresult/b4397fefa83f82b1","status":"passed","time":{"start":1743491073758,"stop":1743491073828,"duration":70}},{"uid":"e44824e66affaaf8","reportUrl":"https://KazakovM.github.io/teamcity-automation-java/api/34//#testresult/e44824e66affaaf8","status":"passed","time":{"start":1743490523500,"stop":1743490523549,"duration":49}},{"uid":"5a9e6db880a23be1","reportUrl":"https://KazakovM.github.io/teamcity-automation-java/api/33//#testresult/5a9e6db880a23be1","status":"passed","time":{"start":1743490257618,"stop":1743490257672,"duration":54}},{"uid":"a34d6b41f7ced54a","reportUrl":"https://KazakovM.github.io/teamcity-automation-java/api/32//#testresult/a34d6b41f7ced54a","status":"passed","time":{"start":1743489215205,"stop":1743489215252,"duration":47}},{"uid":"1acfdc6412f86bc6","reportUrl":"https://KazakovM.github.io/teamcity-automation-java/api/31//#testresult/1acfdc6412f86bc6","status":"passed","time":{"start":1743488032052,"stop":1743488032118,"duration":66}},{"uid":"e23382054f6bc7d1","reportUrl":"https://KazakovM.github.io/teamcity-automation-java/api/30//#testresult/e23382054f6bc7d1","status":"passed","time":{"start":1743486705385,"stop":1743486705429,"duration":44}},{"uid":"2d40828c3189cb09","reportUrl":"https://KazakovM.github.io/teamcity-automation-java/api/29//#testresult/2d40828c3189cb09","status":"passed","time":{"start":1743458505575,"stop":1743458505622,"duration":47}},{"uid":"6d9c2c2f1a9b6937","reportUrl":"https://KazakovM.github.io/teamcity-automation-java/api/27//#testresult/6d9c2c2f1a9b6937","status":"passed","time":{"start":1743458398513,"stop":1743458398564,"duration":51}},{"uid":"710b1d6c5563d1c1","reportUrl":"https://KazakovM.github.io/teamcity-automation-java/api/27//#testresult/710b1d6c5563d1c1","status":"passed","time":{"start":1743458040492,"stop":1743458040576,"duration":84}},{"uid":"831f3eb2137caf4a","reportUrl":"https://KazakovM.github.io/teamcity-automation-java/api/28//#testresult/831f3eb2137caf4a","status":"passed","time":{"start":1743457531194,"stop":1743457531258,"duration":64}},{"uid":"8215a550f437599e","reportUrl":"https://KazakovM.github.io/teamcity-automation-java/api/27//#testresult/8215a550f437599e","status":"passed","time":{"start":1743457245682,"stop":1743457245711,"duration":29}},{"uid":"7d067f6b77dd6fef","reportUrl":"https://KazakovM.github.io/teamcity-automation-java/api/26//#testresult/7d067f6b77dd6fef","status":"passed","time":{"start":1743456189791,"stop":1743456189860,"duration":69}},{"uid":"2412f3dbe50cd47f","reportUrl":"https://KazakovM.github.io/teamcity-automation-java/api/26//#testresult/2412f3dbe50cd47f","status":"passed","time":{"start":1743455843490,"stop":1743455843535,"duration":45}},{"uid":"3f237e594c7e0488","reportUrl":"https://KazakovM.github.io/teamcity-automation-java/api/25//#testresult/3f237e594c7e0488","status":"passed","time":{"start":1743455423122,"stop":1743455423185,"duration":63}},{"uid":"d4686747b8aa7788","reportUrl":"https://KazakovM.github.io/teamcity-automation-java/api/25//#testresult/d4686747b8aa7788","status":"passed","time":{"start":1743454969776,"stop":1743454969836,"duration":60}},{"uid":"93e28d56e9a41dc0","reportUrl":"https://KazakovM.github.io/teamcity-automation-java/api/25//#testresult/93e28d56e9a41dc0","status":"passed","time":{"start":1743454481349,"stop":1743454481389,"duration":40}},{"uid":"247a13e06935301b","reportUrl":"https://KazakovM.github.io/teamcity-automation-java/api/24//#testresult/247a13e06935301b","status":"passed","time":{"start":1743454414490,"stop":1743454414535,"duration":45}},{"uid":"434133895d467d21","reportUrl":"https://KazakovM.github.io/teamcity-automation-java/api/23//#testresult/434133895d467d21","status":"passed","time":{"start":1743453934393,"stop":1743453934451,"duration":58}}]},"tags":[]},"source":"cfdfe2479033b9d4.json","parameterValues":[]}